0 info it worked if it ends with ok
1 verbose cli [ 'C:\\Program Files\\nodejs\\node.exe',
1 verbose cli   'C:\\Program Files\\nodejs\\node_modules\\npm\\bin\\npm-cli.js',
1 verbose cli   'start' ]
2 info using npm@3.10.10
3 info using node@v6.11.0
4 verbose run-script [ 'prestart', 'start', 'poststart' ]
5 info lifecycle starter@1.0.0~prestart: starter@1.0.0
6 silly lifecycle starter@1.0.0~prestart: no script for prestart, continuing
7 info lifecycle starter@1.0.0~start: starter@1.0.0
8 verbose lifecycle starter@1.0.0~start: unsafe-perm in lifecycle true
9 verbose lifecycle starter@1.0.0~start: PATH: C:\Program Files\nodejs\node_modules\npm\bin\node-gyp-bin;C:\code\starter\node_modules\.bin;C:\Program Files (x86)\Intel\iCLS Client\;C:\Program Files\Intel\iCLS Client\;C:\Windows\system32;C:\Windows;C:\Windows\System32\Wbem;C:\Windows\System32\WindowsPowerShell\v1.0\;C:\Program Files (x86)\Intel\Intel(R) Management Engine Components\DAL;C:\Program Files\Intel\Intel(R) Management Engine Components\DAL;C:\Program Files (x86)\Intel\Intel(R) Management Engine Components\IPT;C:\Program Files\Intel\Intel(R) Management Engine Components\IPT;C:\Program Files (x86)\Skype\Phone\;C:\Program Files\nodejs\;C:\Users\Robinder\AppData\Local\GitHubDesktop;C:\Program Files\Git\cmd;C:\Program Files\MongoDB\Server\3.4\bin;C:\Program Files\Redis;C:\Users\Robinder\AppData\Local\Microsoft\WindowsApps;C:\Users\Robinder\AppData\Roaming\npm
10 verbose lifecycle starter@1.0.0~start: CWD: C:\code\starter
11 silly lifecycle starter@1.0.0~start: Args: [ '/d /s /c', 'console.clear && webpack && node server' ]
12 silly lifecycle starter@1.0.0~start: Returned: code: 1  signal: null
13 info lifecycle starter@1.0.0~start: Failed to exec start script
14 verbose stack Error: starter@1.0.0 start: `console.clear && webpack && node server`
14 verbose stack Exit status 1
14 verbose stack     at EventEmitter.<anonymous> (C:\Program Files\nodejs\node_modules\npm\lib\utils\lifecycle.js:255:16)
14 verbose stack     at emitTwo (events.js:106:13)
14 verbose stack     at EventEmitter.emit (events.js:191:7)
14 verbose stack     at ChildProcess.<anonymous> (C:\Program Files\nodejs\node_modules\npm\lib\utils\spawn.js:40:14)
14 verbose stack     at emitTwo (events.js:106:13)
14 verbose stack     at ChildProcess.emit (events.js:191:7)
14 verbose stack     at maybeClose (internal/child_process.js:891:16)
14 verbose stack     at Process.ChildProcess._handle.onexit (internal/child_process.js:226:5)
15 verbose pkgid starter@1.0.0
16 verbose cwd C:\code\starter
17 error Windows_NT 10.0.14393
18 error argv "C:\\Program Files\\nodejs\\node.exe" "C:\\Program Files\\nodejs\\node_modules\\npm\\bin\\npm-cli.js" "start"
19 error node v6.11.0
20 error npm  v3.10.10
21 error code ELIFECYCLE
22 error starter@1.0.0 start: `console.clear && webpack && node server`
22 error Exit status 1
23 error Failed at the starter@1.0.0 start script 'console.clear && webpack && node server'.
23 error Make sure you have the latest version of node.js and npm installed.
23 error If you do, this is most likely a problem with the starter package,
23 error not with npm itself.
23 error Tell the author that this fails on your system:
23 error     console.clear && webpack && node server
23 error You can get information on how to open an issue for this project with:
23 error     npm bugs starter
23 error Or if that isn't available, you can get their info via:
23 error     npm owner ls starter
23 error There is likely additional logging output above.
24 verbose exit [ 1, true ]
